{"name": "test_get_username", "status": "failed", "statusDetails": {"message": "AssertionError: assert 500 == 200\n +  where 500 = <Response [500]>.status_code", "trace": "MUser = <models.user.User object at 0x000001EB24292640>\n\n    def test_get_username(MUser):\n        mylogger.info(\"test for get username\")\n        res_post = userApi.post_user(MUser)\n>       assert res_post.status_code == 200\nE       assert 500 == 200\nE        +  where 500 = <Response [500]>.status_code\n\npet_test.py:211: AssertionError"}, "start": 1659702182912, "stop": 1659702183074, "uuid": "f51edecc-ca38-44fb-9e7f-9e663fb7e9d3", "historyId": "073a4d68eea1998ba09d891bdeba6ed2", "testCaseId": "df9478161da649477f6e5c69ef859794", "fullName": "pet_test#test_get_username", "labels": [{"name": "suite", "value": "pet_test"}, {"name": "host", "value": "DESKTOP-6448GON"}, {"name": "thread", "value": "17288-MainThread"}, {"name": "framework", "value": "pytest"}, {"name": "language", "value": "cpython3"}, {"name": "package", "value": "pet_test"}]}